This file contains any messages produced by compilers while
running configure, to aid debugging if configure makes a mistake.

It was created by ICU configure 58.1, which was
generated by GNU Autoconf 2.69.  Invocation command line was

  $ ./configure --prefix=/export/home/software/github.com/slimserver-vendor.git/CPAN/build --enable-static --with-data-packaging=archive

## --------- ##
## Platform. ##
## --------- ##

hostname = wutz
uname -m = i86pc
uname -r = 5.11
uname -s = SunOS
uname -v = omnios-r151024-e482f10563

/usr/bin/uname -p = i386
/bin/uname -X     = System = SunOS
Node = wutz
Release = 5.11
KernelID = omnios-r151024-e482f10563
Machine = i86pc
BusType = <unknown>
Serial = <unknown>
Users = <unknown>
OEM# = 0
Origin# = 1
NumCPU = 6

/bin/arch              = i86pc
/usr/bin/arch -k       = i86pc
/usr/convex/getsysinfo = unknown
/usr/bin/hostinfo      = unknown
/bin/machine           = unknown
/usr/bin/oslevel       = unknown
/bin/universe          = unknown

PATH: /opt/yasm-1.3.0/bin
PATH: /usr/gnu/bin
PATH: /opt/gcc-5/bin
PATH: /usr/bin
PATH: /usr/X11/bin
PATH: /usr/sbin
PATH: /sbin
PATH: /usr/gnu/bin
PATH: /opt/scripts
PATH: /opt/omni/bin
PATH: /opt/omni/sbin


## ----------- ##
## Core tests. ##
## ----------- ##

configure:2627: checking for ICU version numbers
configure:2660: result: release 58.2, library 58.2, unicode version 9.0
configure:2699: checking build system type
configure:2713: result: i386-pc-solaris2.11
configure:2733: checking host system type
configure:2746: result: i386-pc-solaris2.11
configure:2789: checking whether to build debug libraries
configure:2801: result: no
configure:2806: checking whether to build release libraries
configure:2818: result: yes
configure:2939: checking for C compiler version
configure:2948: gcc --version >&5
gcc (GCC) 5.5.0
Copyright (C) 2015 Free Software Foundation, Inc.
This is free software; see the source for copying conditions.  There is NO
warranty; not even for MERCHANTABILITY or FITNESS FOR A PARTICULAR PURPOSE.

configure:2959: $? = 0
configure:2948: gcc -v >&5
Using built-in specs.
COLLECT_GCC=gcc
COLLECT_LTO_WRAPPER=/opt/gcc-5/libexec/gcc/i386-pc-solaris2.11/5.5.0/lto-wrapper
Target: i386-pc-solaris2.11
Configured with: ./configure --prefix=/opt/gcc-5 --host i386-pc-solaris2.11 --build i386-pc-solaris2.11 --target i386-pc-solaris2.11 --with-boot-ldflags=-R/opt/gcc-5/lib --with-gmp=/opt/gcc-5 --with-mpfr=/opt/gcc-5 --with-mpc=/opt/gcc-5 --enable-languages=c,c++,fortran,lto --enable-__cxa_atexit --without-gnu-ld --with-ld=/bin/ld --with-as=/usr/bin/gas --with-gnu-as --with-build-time-tools=/usr/gnu/i386-pc-solaris2.11/bin
Thread model: posix
gcc version 5.5.0 (GCC) 
configure:2959: $? = 0
configure:2948: gcc -V >&5
gcc: error: unrecognized command line option '-V'
gcc: fatal error: no input files
compilation terminated.
configure:2959: $? = 1
configure:2948: gcc -qversion >&5
gcc: error: unrecognized command line option '-qversion'
gcc: fatal error: no input files
compilation terminated.
configure:2959: $? = 1
configure:2979: checking whether the C compiler works
configure:3001: gcc -O1 -fPIC -D_XPG6 -DU_USING_ICU_NAMESPACE=0  -fPIC   conftest.c  >&5
configure:3005: $? = 0
configure:3053: result: yes
configure:3056: checking for C compiler default output file name
configure:3058: result: a.out
configure:3064: checking for suffix of executables
configure:3071: gcc -o conftest -O1 -fPIC -D_XPG6 -DU_USING_ICU_NAMESPACE=0  -fPIC   conftest.c  >&5
configure:3075: $? = 0
configure:3097: result: 
configure:3119: checking whether we are cross compiling
configure:3127: gcc -o conftest -O1 -fPIC -D_XPG6 -DU_USING_ICU_NAMESPACE=0  -fPIC   conftest.c  >&5
configure:3131: $? = 0
configure:3138: ./conftest
configure:3142: $? = 0
configure:3157: result: no
configure:3162: checking for suffix of object files
configure:3184: gcc -c -O1 -fPIC -D_XPG6 -DU_USING_ICU_NAMESPACE=0  conftest.c >&5
configure:3188: $? = 0
configure:3209: result: o
configure:3213: checking whether we are using the GNU C compiler
configure:3232: gcc -c -O1 -fPIC -D_XPG6 -DU_USING_ICU_NAMESPACE=0  conftest.c >&5
configure:3232: $? = 0
configure:3241: result: yes
configure:3250: checking whether gcc accepts -g
configure:3270: gcc -c -g  conftest.c >&5
configure:3270: $? = 0
configure:3311: result: yes
configure:3328: checking for gcc option to accept ISO C89
configure:3391: gcc  -c -O1 -fPIC -D_XPG6 -DU_USING_ICU_NAMESPACE=0  conftest.c >&5
configure:3391: $? = 0
configure:3404: result: none needed
configure:3538: checking for C++ compiler version
configure:3547: g++ --version >&5
g++ (GCC) 5.5.0
Copyright (C) 2015 Free Software Foundation, Inc.
This is free software; see the source for copying conditions.  There is NO
warranty; not even for MERCHANTABILITY or FITNESS FOR A PARTICULAR PURPOSE.

configure:3558: $? = 0
configure:3547: g++ -v >&5
Using built-in specs.
COLLECT_GCC=g++
COLLECT_LTO_WRAPPER=/opt/gcc-5/libexec/gcc/i386-pc-solaris2.11/5.5.0/lto-wrapper
Target: i386-pc-solaris2.11
Configured with: ./configure --prefix=/opt/gcc-5 --host i386-pc-solaris2.11 --build i386-pc-solaris2.11 --target i386-pc-solaris2.11 --with-boot-ldflags=-R/opt/gcc-5/lib --with-gmp=/opt/gcc-5 --with-mpfr=/opt/gcc-5 --with-mpc=/opt/gcc-5 --enable-languages=c,c++,fortran,lto --enable-__cxa_atexit --without-gnu-ld --with-ld=/bin/ld --with-as=/usr/bin/gas --with-gnu-as --with-build-time-tools=/usr/gnu/i386-pc-solaris2.11/bin
Thread model: posix
gcc version 5.5.0 (GCC) 
configure:3558: $? = 0
configure:3547: g++ -V >&5
g++: error: unrecognized command line option '-V'
g++: fatal error: no input files
compilation terminated.
configure:3558: $? = 1
configure:3547: g++ -qversion >&5
g++: error: unrecognized command line option '-qversion'
g++: fatal error: no input files
compilation terminated.
configure:3558: $? = 1
configure:3562: checking whether we are using the GNU C++ compiler
configure:3581: g++ -c -O2 -fPIC -D_XPG6 -DU_USING_ICU_NAMESPACE=0  conftest.cpp >&5
configure:3581: $? = 0
configure:3590: result: yes
configure:3599: checking whether g++ accepts -g
configure:3619: g++ -c -g  conftest.cpp >&5
configure:3619: $? = 0
configure:3660: result: yes
configure:3739: checking for pkg-config
configure:3757: found /usr/bin/pkg-config
configure:3769: result: /usr/bin/pkg-config
configure:3794: checking pkg-config is at least version 0.20
configure:3797: result: yes
configure:3807: checking for ICULEHB
configure:3814: $PKG_CONFIG --exists --print-errors "icu-le-hb"
Package icu-le-hb was not found in the pkg-config search path.
Perhaps you should add the directory containing `icu-le-hb.pc'
to the PKG_CONFIG_PATH environment variable
No package 'icu-le-hb' found
configure:3817: $? = 1
configure:3831: $PKG_CONFIG --exists --print-errors "icu-le-hb"
Package icu-le-hb was not found in the pkg-config search path.
Perhaps you should add the directory containing `icu-le-hb.pc'
to the PKG_CONFIG_PATH environment variable
No package 'icu-le-hb' found
configure:3834: $? = 1
configure:3848: result: no
No package 'icu-le-hb' found
configure:3903: checking how to run the C preprocessor
configure:3973: result: cpp
configure:3993: cpp  conftest.c
configure:3993: $? = 0
configure:4007: cpp  conftest.c
conftest.c:9:28: fatal error: ac_nonexistent.h: No such file or directory
compilation terminated.
configure:4007: $? = 1
configure: failed program was:
| /* confdefs.h */
| #define PACKAGE_NAME "ICU"
| #define PACKAGE_TARNAME "International Components for Unicode"
| #define PACKAGE_VERSION "58.1"
| #define PACKAGE_STRING "ICU 58.1"
| #define PACKAGE_BUGREPORT "http://icu-project.org/bugs"
| #define PACKAGE_URL "http://icu-project.org"
| /* end confdefs.h.  */
| #include <ac_nonexistent.h>
configure:4050: checking for a BSD-compatible install
configure:4118: result: /usr/gnu/bin/install -c
configure:4150: g++ -o conftest -O2 -fPIC -D_XPG6 -DU_USING_ICU_NAMESPACE=0  -fPIC   conftest.cpp  >&5
configure:4150: $? = 0
configure:4178: checking for gmake
configure:4196: found /usr/bin/gmake
configure:4208: result: /usr/bin/gmake
configure:4253: checking for doxygen
configure:4287: result: no
configure:4307: checking checking for executable suffix
configure:4314: result: 
configure:4320: checking whether strict compiling is on
configure:4336: result: yes
configure:4386: checking for grep that handles long lines and -e
configure:4444: result: /usr/gnu/bin/grep
configure:4449: checking for egrep
configure:4511: result: /usr/gnu/bin/grep -E
configure:4516: checking for ANSI C header files
configure:4536: gcc -c -O1 -fPIC -D_XPG6 -DU_USING_ICU_NAMESPACE=0 -Wall -pedantic -Wshadow -Wpointer-arith -Wmissing-prototypes -Wwrite-strings  conftest.c >&5
configure:4536: $? = 0
configure:4609: gcc -o conftest -O1 -fPIC -D_XPG6 -DU_USING_ICU_NAMESPACE=0 -Wall -pedantic -Wshadow -Wpointer-arith -Wmissing-prototypes -Wwrite-strings  -fPIC   conftest.c  >&5
configure:4609: $? = 0
configure:4609: ./conftest
configure:4609: $? = 0
configure:4620: result: yes
configure:4633: checking for sys/types.h
configure:4633: gcc -c -O1 -fPIC -D_XPG6 -DU_USING_ICU_NAMESPACE=0 -Wall -pedantic -Wshadow -Wpointer-arith -Wmissing-prototypes -Wwrite-strings  conftest.c >&5
configure:4633: $? = 0
configure:4633: result: yes
configure:4633: checking for sys/stat.h
configure:4633: gcc -c -O1 -fPIC -D_XPG6 -DU_USING_ICU_NAMESPACE=0 -Wall -pedantic -Wshadow -Wpointer-arith -Wmissing-prototypes -Wwrite-strings  conftest.c >&5
configure:4633: $? = 0
configure:4633: result: yes
configure:4633: checking for stdlib.h
configure:4633: gcc -c -O1 -fPIC -D_XPG6 -DU_USING_ICU_NAMESPACE=0 -Wall -pedantic -Wshadow -Wpointer-arith -Wmissing-prototypes -Wwrite-strings  conftest.c >&5
configure:4633: $? = 0
configure:4633: result: yes
configure:4633: checking for string.h
configure:4633: gcc -c -O1 -fPIC -D_XPG6 -DU_USING_ICU_NAMESPACE=0 -Wall -pedantic -Wshadow -Wpointer-arith -Wmissing-prototypes -Wwrite-strings  conftest.c >&5
configure:4633: $? = 0
configure:4633: result: yes
configure:4633: checking for memory.h
configure:4633: gcc -c -O1 -fPIC -D_XPG6 -DU_USING_ICU_NAMESPACE=0 -Wall -pedantic -Wshadow -Wpointer-arith -Wmissing-prototypes -Wwrite-strings  conftest.c >&5
configure:4633: $? = 0
configure:4633: result: yes
configure:4633: checking for strings.h
configure:4633: gcc -c -O1 -fPIC -D_XPG6 -DU_USING_ICU_NAMESPACE=0 -Wall -pedantic -Wshadow -Wpointer-arith -Wmissing-prototypes -Wwrite-strings  conftest.c >&5
configure:4633: $? = 0
configure:4633: result: yes
configure:4633: checking for inttypes.h
configure:4633: gcc -c -O1 -fPIC -D_XPG6 -DU_USING_ICU_NAMESPACE=0 -Wall -pedantic -Wshadow -Wpointer-arith -Wmissing-prototypes -Wwrite-strings  conftest.c >&5
configure:4633: $? = 0
configure:4633: result: yes
configure:4633: checking for stdint.h
configure:4633: gcc -c -O1 -fPIC -D_XPG6 -DU_USING_ICU_NAMESPACE=0 -Wall -pedantic -Wshadow -Wpointer-arith -Wmissing-prototypes -Wwrite-strings  conftest.c >&5
configure:4633: $? = 0
configure:4633: result: yes
configure:4633: checking for unistd.h
configure:4633: gcc -c -O1 -fPIC -D_XPG6 -DU_USING_ICU_NAMESPACE=0 -Wall -pedantic -Wshadow -Wpointer-arith -Wmissing-prototypes -Wwrite-strings  conftest.c >&5
configure:4633: $? = 0
configure:4633: result: yes
configure:4682: checking size of void *
configure:4687: gcc -o conftest -O1 -fPIC -D_XPG6 -DU_USING_ICU_NAMESPACE=0 -Wall -pedantic -Wshadow -Wpointer-arith -Wmissing-prototypes -Wwrite-strings  -fPIC   conftest.c  >&5
configure:4687: $? = 0
configure:4687: ./conftest
configure:4687: $? = 0
configure:4701: result: 4
configure:4711: checking whether runnable 64 bit binaries are built by default
configure:4768: result: no
configure:5112: checking which Makefile fragment to use for i386-pc-solaris2.11
configure:5208: result: mh-solaris-gcc
configure:5257: checking for floor in -lm
configure:5282: gcc -o conftest -O1 -fPIC -D_XPG6 -DU_USING_ICU_NAMESPACE=0 -Wall -pedantic -Wshadow -Wpointer-arith -Wmissing-prototypes -Wwrite-strings  -fPIC   conftest.c -lm   >&5
conftest.c:27:6: warning: conflicting types for built-in function 'floor'
 char floor ();
      ^
configure:5282: $? = 0
configure:5291: result: yes
configure:5307: checking whether to build shared libraries
configure:5322: result: yes
configure:5327: checking whether to build static libraries
configure:5339: result: yes
configure:5395: checking whether to enable auto cleanup of libraries
configure:5410: result: no
configure:5449: checking whether to enable draft APIs
configure:5463: result: yes
configure:5514: checking for ranlib
configure:5530: found /usr/bin/ranlib
configure:5541: result: ranlib
configure:5608: checking for ar
configure:5624: found /usr/bin/ar
configure:5635: result: ar
configure:5658: checking whether to enable renaming of symbols
configure:5673: result: yes
configure:5677: checking whether to enable function and data tracing
configure:5692: result: no
configure:5699: checking elf.h usability
configure:5699: gcc -c -O1 -fPIC -D_XPG6 -DU_USING_ICU_NAMESPACE=0 -Wall -pedantic -Wshadow -Wpointer-arith -Wmissing-prototypes -Wwrite-strings  conftest.c >&5
configure:5699: $? = 0
configure:5699: result: yes
configure:5699: checking elf.h presence
configure:5699: cpp  conftest.c
configure:5699: $? = 0
configure:5699: result: yes
configure:5699: checking for elf.h
configure:5699: result: yes
configure:5742: checking whether to enable dynamic loading of plugins. Ignored if plugins disabled.
configure:5760: result: yes
configure:5767: checking dlfcn.h usability
configure:5767: gcc -c -O1 -fPIC -D_XPG6 -DU_USING_ICU_NAMESPACE=0 -Wall -pedantic -Wshadow -Wpointer-arith -Wmissing-prototypes -Wwrite-strings  conftest.c >&5
configure:5767: $? = 0
configure:5767: result: yes
configure:5767: checking dlfcn.h presence
configure:5767: cpp  conftest.c
configure:5767: $? = 0
configure:5767: result: yes
configure:5767: checking for dlfcn.h
configure:5767: result: yes
configure:5778: checking for library containing dlopen
configure:5809: gcc -o conftest -O1 -fPIC -D_XPG6 -DU_USING_ICU_NAMESPACE=0 -Wall -pedantic -Wshadow -Wpointer-arith -Wmissing-prototypes -Wwrite-strings  -fPIC   conftest.c -lm  >&5
configure:5809: $? = 0
configure:5826: result: none required
configure:5836: checking for dlopen
configure:5836: gcc -o conftest -O1 -fPIC -D_XPG6 -DU_USING_ICU_NAMESPACE=0 -Wall -pedantic -Wshadow -Wpointer-arith -Wmissing-prototypes -Wwrite-strings  -fPIC   conftest.c -lm  >&5
configure:5836: $? = 0
configure:5836: result: yes
configure:5856: checking for gettimeofday
configure:5856: gcc -o conftest -O1 -fPIC -D_XPG6 -DU_USING_ICU_NAMESPACE=0 -Wall -pedantic -Wshadow -Wpointer-arith -Wmissing-prototypes -Wwrite-strings  -fPIC   conftest.c -lm  >&5
configure:5856: $? = 0
configure:5856: result: yes
configure:5890: checking if we have a C++ compiler
configure:5903: g++ -c -O2 -fPIC -D_XPG6 -DU_USING_ICU_NAMESPACE=0 -W -Wall -pedantic -Wpointer-arith -Wwrite-strings -Wno-long-long  conftest.cpp >&5
configure:5903: $? = 0
configure:5911: result: Good
configure:5925: checking if we have a C++11 compiler
configure:5938: g++ -c -O2 -fPIC -D_XPG6 -DU_USING_ICU_NAMESPACE=0 -W -Wall -pedantic -Wpointer-arith -Wwrite-strings -Wno-long-long --std=c++0x  conftest.cpp >&5
configure:5938: $? = 0
configure:5944: result: yes
configure:5947: Adding CXXFLAGS option --std=c++0x
configure:5961: checking if #include <string> works
configure:5974: g++ -c -O2 -fPIC -D_XPG6 -DU_USING_ICU_NAMESPACE=0 -W -Wall -pedantic -Wpointer-arith -Wwrite-strings -Wno-long-long  conftest.cpp >&5
configure:5974: $? = 0
configure:5980: result: yes
configure:5992: checking if #include <atomic> works
configure:6005: g++ -c -O2 -fPIC -D_XPG6 -DU_USING_ICU_NAMESPACE=0 -W -Wall -pedantic -Wpointer-arith -Wwrite-strings -Wno-long-long  conftest.cpp >&5
In file included from /opt/gcc-5/include/c++/5.5.0/atomic:38:0,
                 from conftest.cpp:25:
/opt/gcc-5/include/c++/5.5.0/bits/c++0x_warning.h:32:2: error: #error This file requires compiler and library support for the ISO C++ 2011 standard. This support must be enabled with the -std=c++11 or -std=gnu++11 compiler options.
 #error This file requires compiler and library support \
  ^
configure:6005: $? = 1
configure: failed program was:
| /* confdefs.h */
| #define PACKAGE_NAME "ICU"
| #define PACKAGE_TARNAME "International Components for Unicode"
| #define PACKAGE_VERSION "58.1"
| #define PACKAGE_STRING "ICU 58.1"
| #define PACKAGE_BUGREPORT "http://icu-project.org/bugs"
| #define PACKAGE_URL "http://icu-project.org"
| #define STDC_HEADERS 1
| #define HAVE_SYS_TYPES_H 1
| #define HAVE_SYS_STAT_H 1
| #define HAVE_STDLIB_H 1
| #define HAVE_STRING_H 1
| #define HAVE_MEMORY_H 1
| #define HAVE_STRINGS_H 1
| #define HAVE_INTTYPES_H 1
| #define HAVE_STDINT_H 1
| #define HAVE_UNISTD_H 1
| #define SIZEOF_VOID_P 4
| #define HAVE_LIBM 1
| #define HAVE_ELF_H 1
| #define HAVE_DLFCN_H 1
| #define HAVE_DLOPEN 1
| #define HAVE_GETTIMEOFDAY 1
| /* end confdefs.h.  */
| #include <atomic>
| int
| main ()
| {
| 
|   ;
|   return 0;
| }
configure:6011: result: no
configure:6039: checking for pthread_attr_init in -lpthread
configure:6064: gcc -o conftest -O1 -fPIC -D_XPG6 -DU_USING_ICU_NAMESPACE=0 -Wall -pedantic -Wshadow -Wpointer-arith -Wmissing-prototypes -Wwrite-strings  -fPIC   conftest.c -lpthread  -lm  >&5
configure:6064: $? = 0
configure:6073: result: yes
configure:6277: checking for mmap
configure:6296: gcc -o conftest -O1 -fPIC -D_XPG6 -DU_USING_ICU_NAMESPACE=0 -Wall -pedantic -Wshadow -Wpointer-arith -Wmissing-prototypes -Wwrite-strings  -fPIC   conftest.c -lpthread -lm  >&5
configure:6296: $? = 0
configure:6305: result: yes
configure:6315: checking for genccode assembly
configure:6352: result: -a gcc
configure:6358: checking for inttypes.h
configure:6358: result: yes
configure:6387: checking dirent.h usability
configure:6387: gcc -c -O1 -fPIC -D_XPG6 -DU_USING_ICU_NAMESPACE=0 -Wall -pedantic -Wshadow -Wpointer-arith -Wmissing-prototypes -Wwrite-strings  conftest.c >&5
configure:6387: $? = 0
configure:6387: result: yes
configure:6387: checking dirent.h presence
configure:6387: cpp  conftest.c
configure:6387: $? = 0
configure:6387: result: yes
configure:6387: checking for dirent.h
configure:6387: result: yes
configure:6407: checking whether byte ordering is bigendian
configure:6422: gcc -c -O1 -fPIC -D_XPG6 -DU_USING_ICU_NAMESPACE=0 -Wall -pedantic -Wshadow -Wpointer-arith -Wmissing-prototypes -Wwrite-strings  conftest.c >&5
conftest.c:29:9: error: unknown type name 'not'
         not a universal capable compiler
         ^
conftest.c:29:15: error: expected '=', ',', ';', 'asm' or '__attribute__' before 'universal'
         not a universal capable compiler
               ^
conftest.c:29:15: error: unknown type name 'universal'
configure:6422: $? = 1
configure: failed program was:
| /* confdefs.h */
| #define PACKAGE_NAME "ICU"
| #define PACKAGE_TARNAME "International Components for Unicode"
| #define PACKAGE_VERSION "58.1"
| #define PACKAGE_STRING "ICU 58.1"
| #define PACKAGE_BUGREPORT "http://icu-project.org/bugs"
| #define PACKAGE_URL "http://icu-project.org"
| #define STDC_HEADERS 1
| #define HAVE_SYS_TYPES_H 1
| #define HAVE_SYS_STAT_H 1
| #define HAVE_STDLIB_H 1
| #define HAVE_STRING_H 1
| #define HAVE_MEMORY_H 1
| #define HAVE_STRINGS_H 1
| #define HAVE_INTTYPES_H 1
| #define HAVE_STDINT_H 1
| #define HAVE_UNISTD_H 1
| #define SIZEOF_VOID_P 4
| #define HAVE_LIBM 1
| #define HAVE_ELF_H 1
| #define HAVE_DLFCN_H 1
| #define HAVE_DLOPEN 1
| #define HAVE_GETTIMEOFDAY 1
| #define HAVE_LIBPTHREAD 1
| #define HAVE_INTTYPES_H 1
| #define HAVE_DIRENT_H 1
| /* end confdefs.h.  */
| #ifndef __APPLE_CC__
| 	       not a universal capable compiler
| 	     #endif
| 	     typedef int dummy;
| 
configure:6467: gcc -c -O1 -fPIC -D_XPG6 -DU_USING_ICU_NAMESPACE=0 -Wall -pedantic -Wshadow -Wpointer-arith -Wmissing-prototypes -Wwrite-strings  conftest.c >&5
conftest.c: In function 'main':
conftest.c:35:8: error: unknown type name 'bogus'
        bogus endian macros
        ^
conftest.c:35:21: error: expected '=', ',', ';', 'asm' or '__attribute__' before 'macros'
        bogus endian macros
                     ^
configure:6467: $? = 1
configure: failed program was:
| /* confdefs.h */
| #define PACKAGE_NAME "ICU"
| #define PACKAGE_TARNAME "International Components for Unicode"
| #define PACKAGE_VERSION "58.1"
| #define PACKAGE_STRING "ICU 58.1"
| #define PACKAGE_BUGREPORT "http://icu-project.org/bugs"
| #define PACKAGE_URL "http://icu-project.org"
| #define STDC_HEADERS 1
| #define HAVE_SYS_TYPES_H 1
| #define HAVE_SYS_STAT_H 1
| #define HAVE_STDLIB_H 1
| #define HAVE_STRING_H 1
| #define HAVE_MEMORY_H 1
| #define HAVE_STRINGS_H 1
| #define HAVE_INTTYPES_H 1
| #define HAVE_STDINT_H 1
| #define HAVE_UNISTD_H 1
| #define SIZEOF_VOID_P 4
| #define HAVE_LIBM 1
| #define HAVE_ELF_H 1
| #define HAVE_DLFCN_H 1
| #define HAVE_DLOPEN 1
| #define HAVE_GETTIMEOFDAY 1
| #define HAVE_LIBPTHREAD 1
| #define HAVE_INTTYPES_H 1
| #define HAVE_DIRENT_H 1
| /* end confdefs.h.  */
| #include <sys/types.h>
| 	     #include <sys/param.h>
| 
| int
| main ()
| {
| #if ! (defined BYTE_ORDER && defined BIG_ENDIAN 		     && defined LITTLE_ENDIAN && BYTE_ORDER && BIG_ENDIAN 		     && LITTLE_ENDIAN)
| 	      bogus endian macros
| 	     #endif
| 
|   ;
|   return 0;
| }
configure:6511: gcc -c -O1 -fPIC -D_XPG6 -DU_USING_ICU_NAMESPACE=0 -Wall -pedantic -Wshadow -Wpointer-arith -Wmissing-prototypes -Wwrite-strings  conftest.c >&5
configure:6511: $? = 0
configure:6528: gcc -c -O1 -fPIC -D_XPG6 -DU_USING_ICU_NAMESPACE=0 -Wall -pedantic -Wshadow -Wpointer-arith -Wmissing-prototypes -Wwrite-strings  conftest.c >&5
conftest.c: In function 'main':
conftest.c:34:4: error: unknown type name 'not'
    not big endian
    ^
conftest.c:34:12: error: expected '=', ',', ';', 'asm' or '__attribute__' before 'endian'
    not big endian
            ^
configure:6528: $? = 1
configure: failed program was:
| /* confdefs.h */
| #define PACKAGE_NAME "ICU"
| #define PACKAGE_TARNAME "International Components for Unicode"
| #define PACKAGE_VERSION "58.1"
| #define PACKAGE_STRING "ICU 58.1"
| #define PACKAGE_BUGREPORT "http://icu-project.org/bugs"
| #define PACKAGE_URL "http://icu-project.org"
| #define STDC_HEADERS 1
| #define HAVE_SYS_TYPES_H 1
| #define HAVE_SYS_STAT_H 1
| #define HAVE_STDLIB_H 1
| #define HAVE_STRING_H 1
| #define HAVE_MEMORY_H 1
| #define HAVE_STRINGS_H 1
| #define HAVE_INTTYPES_H 1
| #define HAVE_STDINT_H 1
| #define HAVE_UNISTD_H 1
| #define SIZEOF_VOID_P 4
| #define HAVE_LIBM 1
| #define HAVE_ELF_H 1
| #define HAVE_DLFCN_H 1
| #define HAVE_DLOPEN 1
| #define HAVE_GETTIMEOFDAY 1
| #define HAVE_LIBPTHREAD 1
| #define HAVE_INTTYPES_H 1
| #define HAVE_DIRENT_H 1
| /* end confdefs.h.  */
| #include <limits.h>
| 
| int
| main ()
| {
| #ifndef _BIG_ENDIAN
| 		 not big endian
| 		#endif
| 
|   ;
|   return 0;
| }
configure:6613: result: no
configure:6643: checking for nl_langinfo
configure:6643: gcc -o conftest -O1 -fPIC -D_XPG6 -DU_USING_ICU_NAMESPACE=0 -Wall -pedantic -Wshadow -Wpointer-arith -Wmissing-prototypes -Wwrite-strings  -fPIC   conftest.c -lpthread -lm  >&5
configure:6643: $? = 0
configure:6643: result: yes
configure:6651: checking for nl_langinfo's argument to obtain the codeset
configure:6669: gcc -o conftest -O1 -fPIC -D_XPG6 -DU_USING_ICU_NAMESPACE=0 -Wall -pedantic -Wshadow -Wpointer-arith -Wmissing-prototypes -Wwrite-strings  -fPIC   conftest.c -lpthread -lm  >&5
configure:6669: $? = 0
configure:6676: result: CODESET
configure:6700: checking for namespace support
configure:6719: g++ -o conftest -O2 -fPIC -D_XPG6 -DU_USING_ICU_NAMESPACE=0 -W -Wall -pedantic -Wpointer-arith -Wwrite-strings -Wno-long-long  -fPIC   conftest.cpp -lpthread -lm  >&5
configure:6719: $? = 0
configure:6728: result: yes
configure:6735: checking for properly overriding new and delete
configure:6761: g++ -o conftest -O2 -fPIC -D_XPG6 -DU_USING_ICU_NAMESPACE=0 -W -Wall -pedantic -Wpointer-arith -Wwrite-strings -Wno-long-long  -fPIC   conftest.cpp -lpthread -lm  >&5
configure:6761: $? = 0
configure:6770: result: yes
configure:6775: checking for placement new and delete
configure:6801: g++ -o conftest -O2 -fPIC -D_XPG6 -DU_USING_ICU_NAMESPACE=0 -W -Wall -pedantic -Wpointer-arith -Wwrite-strings -Wno-long-long  -fPIC   conftest.cpp -lpthread -lm  >&5
configure:6801: $? = 0
configure:6810: result: yes
configure:6830: checking for popen
configure:6830: gcc -o conftest -O1 -fPIC -D_XPG6 -DU_USING_ICU_NAMESPACE=0 -Wall -pedantic -Wshadow -Wpointer-arith -Wmissing-prototypes -Wwrite-strings  -fPIC   conftest.c -lpthread -lm  >&5
configure:6830: $? = 0
configure:6830: result: yes
configure:6844: checking for tzset
configure:6844: gcc -o conftest -O1 -fPIC -D_XPG6 -DU_USING_ICU_NAMESPACE=0 -Wall -pedantic -Wshadow -Wpointer-arith -Wmissing-prototypes -Wwrite-strings  -fPIC   conftest.c -lpthread -lm  >&5
configure:6844: $? = 0
configure:6844: result: yes
configure:6872: checking for tzname
configure:6895: gcc -o conftest -O1 -fPIC -D_XPG6 -DU_USING_ICU_NAMESPACE=0 -Wall -pedantic -Wshadow -Wpointer-arith -Wmissing-prototypes -Wwrite-strings  -fPIC   conftest.c -lpthread -lm  >&5
configure:6895: $? = 0
configure:6903: result: yes
configure:6947: checking for timezone
configure:6967: gcc -o conftest -O1 -fPIC -D_XPG6 -DU_USING_ICU_NAMESPACE=0 -Wall -pedantic -Wshadow -Wpointer-arith -Wmissing-prototypes -Wwrite-strings  -fPIC   conftest.c -lpthread -lm  >&5
configure:6967: $? = 0
configure:6975: result: yes
configure:7049: checking for strtod_l
configure:7049: gcc -o conftest -O1 -fPIC -D_XPG6 -DU_USING_ICU_NAMESPACE=0 -Wall -pedantic -Wshadow -Wpointer-arith -Wmissing-prototypes -Wwrite-strings  -fPIC   conftest.c -lpthread -lm  >&5
Undefined			first referenced
 symbol  			    in file
strtod_l                            /var/tmp//cc45ayPS.o
ld: fatal: symbol referencing errors. No output written to conftest
collect2: error: ld returned 1 exit status
configure:7049: $? = 1
configure: failed program was:
| /* confdefs.h */
| #define PACKAGE_NAME "ICU"
| #define PACKAGE_TARNAME "International Components for Unicode"
| #define PACKAGE_VERSION "58.1"
| #define PACKAGE_STRING "ICU 58.1"
| #define PACKAGE_BUGREPORT "http://icu-project.org/bugs"
| #define PACKAGE_URL "http://icu-project.org"
| #define STDC_HEADERS 1
| #define HAVE_SYS_TYPES_H 1
| #define HAVE_SYS_STAT_H 1
| #define HAVE_STDLIB_H 1
| #define HAVE_STRING_H 1
| #define HAVE_MEMORY_H 1
| #define HAVE_STRINGS_H 1
| #define HAVE_INTTYPES_H 1
| #define HAVE_STDINT_H 1
| #define HAVE_UNISTD_H 1
| #define SIZEOF_VOID_P 4
| #define HAVE_LIBM 1
| #define HAVE_ELF_H 1
| #define HAVE_DLFCN_H 1
| #define HAVE_DLOPEN 1
| #define HAVE_GETTIMEOFDAY 1
| #define HAVE_LIBPTHREAD 1
| #define HAVE_INTTYPES_H 1
| #define HAVE_DIRENT_H 1
| /* end confdefs.h.  */
| /* Define strtod_l to an innocuous variant, in case <limits.h> declares strtod_l.
|    For example, HP-UX 11i <limits.h> declares gettimeofday.  */
| #define strtod_l innocuous_strtod_l
| 
| /* System header to define __stub macros and hopefully few prototypes,
|     which can conflict with char strtod_l (); below.
|     Prefer <limits.h> to <assert.h> if __STDC__ is defined, since
|     <limits.h> exists even on freestanding compilers.  */
| 
| #ifdef __STDC__
| # include <limits.h>
| #else
| # include <assert.h>
| #endif
| 
| #undef strtod_l
| 
| /* Override any GCC internal prototype to avoid an error.
|    Use char because int might match the return type of a GCC
|    builtin and then its argument prototype would still apply.  */
| #ifdef __cplusplus
| extern "C"
| #endif
| char strtod_l ();
| /* The GNU C library defines this for functions which it implements
|     to always fail with ENOSYS.  Some functions are actually named
|     something starting with __ and the normal name is an alias.  */
| #if defined __stub_strtod_l || defined __stub___strtod_l
| choke me
| #endif
| 
| int
| main ()
| {
| return strtod_l ();
|   ;
|   return 0;
| }
configure:7049: result: no
configure:7065: checking for int8_t
configure:7065: gcc -c -O1 -fPIC -D_XPG6 -DU_USING_ICU_NAMESPACE=0 -Wall -pedantic -Wshadow -Wpointer-arith -Wmissing-prototypes -Wwrite-strings  conftest.c >&5
configure:7065: $? = 0
configure:7065: gcc -c -O1 -fPIC -D_XPG6 -DU_USING_ICU_NAMESPACE=0 -Wall -pedantic -Wshadow -Wpointer-arith -Wmissing-prototypes -Wwrite-strings  conftest.c >&5
conftest.c: In function 'main':
conftest.c:64:21: error: expected expression before ')' token
 if (sizeof ((int8_t)))
                     ^
configure:7065: $? = 1
configure: failed program was:
| /* confdefs.h */
| #define PACKAGE_NAME "ICU"
| #define PACKAGE_TARNAME "International Components for Unicode"
| #define PACKAGE_VERSION "58.1"
| #define PACKAGE_STRING "ICU 58.1"
| #define PACKAGE_BUGREPORT "http://icu-project.org/bugs"
| #define PACKAGE_URL "http://icu-project.org"
| #define STDC_HEADERS 1
| #define HAVE_SYS_TYPES_H 1
| #define HAVE_SYS_STAT_H 1
| #define HAVE_STDLIB_H 1
| #define HAVE_STRING_H 1
| #define HAVE_MEMORY_H 1
| #define HAVE_STRINGS_H 1
| #define HAVE_INTTYPES_H 1
| #define HAVE_STDINT_H 1
| #define HAVE_UNISTD_H 1
| #define SIZEOF_VOID_P 4
| #define HAVE_LIBM 1
| #define HAVE_ELF_H 1
| #define HAVE_DLFCN_H 1
| #define HAVE_DLOPEN 1
| #define HAVE_GETTIMEOFDAY 1
| #define HAVE_LIBPTHREAD 1
| #define HAVE_INTTYPES_H 1
| #define HAVE_DIRENT_H 1
| /* end confdefs.h.  */
| #include <stdio.h>
| #ifdef HAVE_SYS_TYPES_H
| # include <sys/types.h>
| #endif
| #ifdef HAVE_SYS_STAT_H
| # include <sys/stat.h>
| #endif
| #ifdef STDC_HEADERS
| # include <stdlib.h>
| # include <stddef.h>
| #else
| # ifdef HAVE_STDLIB_H
| #  include <stdlib.h>
| # endif
| #endif
| #ifdef HAVE_STRING_H
| # if !defined STDC_HEADERS && defined HAVE_MEMORY_H
| #  include <memory.h>
| # endif
| # include <string.h>
| #endif
| #ifdef HAVE_STRINGS_H
| # include <strings.h>
| #endif
| #ifdef HAVE_INTTYPES_H
| # include <inttypes.h>
| #endif
| #ifdef HAVE_STDINT_H
| # include <stdint.h>
| #endif
| #ifdef HAVE_UNISTD_H
| # include <unistd.h>
| #endif
| int
| main ()
| {
| if (sizeof ((int8_t)))
| 	    return 0;
|   ;
|   return 0;
| }
configure:7065: result: yes
configure:7076: checking for uint8_t
configure:7076: gcc -c -O1 -fPIC -D_XPG6 -DU_USING_ICU_NAMESPACE=0 -Wall -pedantic -Wshadow -Wpointer-arith -Wmissing-prototypes -Wwrite-strings  conftest.c >&5
configure:7076: $? = 0
configure:7076: gcc -c -O1 -fPIC -D_XPG6 -DU_USING_ICU_NAMESPACE=0 -Wall -pedantic -Wshadow -Wpointer-arith -Wmissing-prototypes -Wwrite-strings  conftest.c >&5
conftest.c: In function 'main':
conftest.c:64:22: error: expected expression before ')' token
 if (sizeof ((uint8_t)))
                      ^
configure:7076: $? = 1
configure: failed program was:
| /* confdefs.h */
| #define PACKAGE_NAME "ICU"
| #define PACKAGE_TARNAME "International Components for Unicode"
| #define PACKAGE_VERSION "58.1"
| #define PACKAGE_STRING "ICU 58.1"
| #define PACKAGE_BUGREPORT "http://icu-project.org/bugs"
| #define PACKAGE_URL "http://icu-project.org"
| #define STDC_HEADERS 1
| #define HAVE_SYS_TYPES_H 1
| #define HAVE_SYS_STAT_H 1
| #define HAVE_STDLIB_H 1
| #define HAVE_STRING_H 1
| #define HAVE_MEMORY_H 1
| #define HAVE_STRINGS_H 1
| #define HAVE_INTTYPES_H 1
| #define HAVE_STDINT_H 1
| #define HAVE_UNISTD_H 1
| #define SIZEOF_VOID_P 4
| #define HAVE_LIBM 1
| #define HAVE_ELF_H 1
| #define HAVE_DLFCN_H 1
| #define HAVE_DLOPEN 1
| #define HAVE_GETTIMEOFDAY 1
| #define HAVE_LIBPTHREAD 1
| #define HAVE_INTTYPES_H 1
| #define HAVE_DIRENT_H 1
| /* end confdefs.h.  */
| #include <stdio.h>
| #ifdef HAVE_SYS_TYPES_H
| # include <sys/types.h>
| #endif
| #ifdef HAVE_SYS_STAT_H
| # include <sys/stat.h>
| #endif
| #ifdef STDC_HEADERS
| # include <stdlib.h>
| # include <stddef.h>
| #else
| # ifdef HAVE_STDLIB_H
| #  include <stdlib.h>
| # endif
| #endif
| #ifdef HAVE_STRING_H
| # if !defined STDC_HEADERS && defined HAVE_MEMORY_H
| #  include <memory.h>
| # endif
| # include <string.h>
| #endif
| #ifdef HAVE_STRINGS_H
| # include <strings.h>
| #endif
| #ifdef HAVE_INTTYPES_H
| # include <inttypes.h>
| #endif
| #ifdef HAVE_STDINT_H
| # include <stdint.h>
| #endif
| #ifdef HAVE_UNISTD_H
| # include <unistd.h>
| #endif
| int
| main ()
| {
| if (sizeof ((uint8_t)))
| 	    return 0;
|   ;
|   return 0;
| }
configure:7076: result: yes
configure:7087: checking for int16_t
configure:7087: gcc -c -O1 -fPIC -D_XPG6 -DU_USING_ICU_NAMESPACE=0 -Wall -pedantic -Wshadow -Wpointer-arith -Wmissing-prototypes -Wwrite-strings  conftest.c >&5
configure:7087: $? = 0
configure:7087: gcc -c -O1 -fPIC -D_XPG6 -DU_USING_ICU_NAMESPACE=0 -Wall -pedantic -Wshadow -Wpointer-arith -Wmissing-prototypes -Wwrite-strings  conftest.c >&5
conftest.c: In function 'main':
conftest.c:64:22: error: expected expression before ')' token
 if (sizeof ((int16_t)))
                      ^
configure:7087: $? = 1
configure: failed program was:
| /* confdefs.h */
| #define PACKAGE_NAME "ICU"
| #define PACKAGE_TARNAME "International Components for Unicode"
| #define PACKAGE_VERSION "58.1"
| #define PACKAGE_STRING "ICU 58.1"
| #define PACKAGE_BUGREPORT "http://icu-project.org/bugs"
| #define PACKAGE_URL "http://icu-project.org"
| #define STDC_HEADERS 1
| #define HAVE_SYS_TYPES_H 1
| #define HAVE_SYS_STAT_H 1
| #define HAVE_STDLIB_H 1
| #define HAVE_STRING_H 1
| #define HAVE_MEMORY_H 1
| #define HAVE_STRINGS_H 1
| #define HAVE_INTTYPES_H 1
| #define HAVE_STDINT_H 1
| #define HAVE_UNISTD_H 1
| #define SIZEOF_VOID_P 4
| #define HAVE_LIBM 1
| #define HAVE_ELF_H 1
| #define HAVE_DLFCN_H 1
| #define HAVE_DLOPEN 1
| #define HAVE_GETTIMEOFDAY 1
| #define HAVE_LIBPTHREAD 1
| #define HAVE_INTTYPES_H 1
| #define HAVE_DIRENT_H 1
| /* end confdefs.h.  */
| #include <stdio.h>
| #ifdef HAVE_SYS_TYPES_H
| # include <sys/types.h>
| #endif
| #ifdef HAVE_SYS_STAT_H
| # include <sys/stat.h>
| #endif
| #ifdef STDC_HEADERS
| # include <stdlib.h>
| # include <stddef.h>
| #else
| # ifdef HAVE_STDLIB_H
| #  include <stdlib.h>
| # endif
| #endif
| #ifdef HAVE_STRING_H
| # if !defined STDC_HEADERS && defined HAVE_MEMORY_H
| #  include <memory.h>
| # endif
| # include <string.h>
| #endif
| #ifdef HAVE_STRINGS_H
| # include <strings.h>
| #endif
| #ifdef HAVE_INTTYPES_H
| # include <inttypes.h>
| #endif
| #ifdef HAVE_STDINT_H
| # include <stdint.h>
| #endif
| #ifdef HAVE_UNISTD_H
| # include <unistd.h>
| #endif
| int
| main ()
| {
| if (sizeof ((int16_t)))
| 	    return 0;
|   ;
|   return 0;
| }
configure:7087: result: yes
configure:7098: checking for uint16_t
configure:7098: gcc -c -O1 -fPIC -D_XPG6 -DU_USING_ICU_NAMESPACE=0 -Wall -pedantic -Wshadow -Wpointer-arith -Wmissing-prototypes -Wwrite-strings  conftest.c >&5
configure:7098: $? = 0
configure:7098: gcc -c -O1 -fPIC -D_XPG6 -DU_USING_ICU_NAMESPACE=0 -Wall -pedantic -Wshadow -Wpointer-arith -Wmissing-prototypes -Wwrite-strings  conftest.c >&5
conftest.c: In function 'main':
conftest.c:64:23: error: expected expression before ')' token
 if (sizeof ((uint16_t)))
                       ^
configure:7098: $? = 1
configure: failed program was:
| /* confdefs.h */
| #define PACKAGE_NAME "ICU"
| #define PACKAGE_TARNAME "International Components for Unicode"
| #define PACKAGE_VERSION "58.1"
| #define PACKAGE_STRING "ICU 58.1"
| #define PACKAGE_BUGREPORT "http://icu-project.org/bugs"
| #define PACKAGE_URL "http://icu-project.org"
| #define STDC_HEADERS 1
| #define HAVE_SYS_TYPES_H 1
| #define HAVE_SYS_STAT_H 1
| #define HAVE_STDLIB_H 1
| #define HAVE_STRING_H 1
| #define HAVE_MEMORY_H 1
| #define HAVE_STRINGS_H 1
| #define HAVE_INTTYPES_H 1
| #define HAVE_STDINT_H 1
| #define HAVE_UNISTD_H 1
| #define SIZEOF_VOID_P 4
| #define HAVE_LIBM 1
| #define HAVE_ELF_H 1
| #define HAVE_DLFCN_H 1
| #define HAVE_DLOPEN 1
| #define HAVE_GETTIMEOFDAY 1
| #define HAVE_LIBPTHREAD 1
| #define HAVE_INTTYPES_H 1
| #define HAVE_DIRENT_H 1
| /* end confdefs.h.  */
| #include <stdio.h>
| #ifdef HAVE_SYS_TYPES_H
| # include <sys/types.h>
| #endif
| #ifdef HAVE_SYS_STAT_H
| # include <sys/stat.h>
| #endif
| #ifdef STDC_HEADERS
| # include <stdlib.h>
| # include <stddef.h>
| #else
| # ifdef HAVE_STDLIB_H
| #  include <stdlib.h>
| # endif
| #endif
| #ifdef HAVE_STRING_H
| # if !defined STDC_HEADERS && defined HAVE_MEMORY_H
| #  include <memory.h>
| # endif
| # include <string.h>
| #endif
| #ifdef HAVE_STRINGS_H
| # include <strings.h>
| #endif
| #ifdef HAVE_INTTYPES_H
| # include <inttypes.h>
| #endif
| #ifdef HAVE_STDINT_H
| # include <stdint.h>
| #endif
| #ifdef HAVE_UNISTD_H
| # include <unistd.h>
| #endif
| int
| main ()
| {
| if (sizeof ((uint16_t)))
| 	    return 0;
|   ;
|   return 0;
| }
configure:7098: result: yes
configure:7109: checking for int32_t
configure:7109: gcc -c -O1 -fPIC -D_XPG6 -DU_USING_ICU_NAMESPACE=0 -Wall -pedantic -Wshadow -Wpointer-arith -Wmissing-prototypes -Wwrite-strings  conftest.c >&5
configure:7109: $? = 0
configure:7109: gcc -c -O1 -fPIC -D_XPG6 -DU_USING_ICU_NAMESPACE=0 -Wall -pedantic -Wshadow -Wpointer-arith -Wmissing-prototypes -Wwrite-strings  conftest.c >&5
conftest.c: In function 'main':
conftest.c:64:22: error: expected expression before ')' token
 if (sizeof ((int32_t)))
                      ^
configure:7109: $? = 1
configure: failed program was:
| /* confdefs.h */
| #define PACKAGE_NAME "ICU"
| #define PACKAGE_TARNAME "International Components for Unicode"
| #define PACKAGE_VERSION "58.1"
| #define PACKAGE_STRING "ICU 58.1"
| #define PACKAGE_BUGREPORT "http://icu-project.org/bugs"
| #define PACKAGE_URL "http://icu-project.org"
| #define STDC_HEADERS 1
| #define HAVE_SYS_TYPES_H 1
| #define HAVE_SYS_STAT_H 1
| #define HAVE_STDLIB_H 1
| #define HAVE_STRING_H 1
| #define HAVE_MEMORY_H 1
| #define HAVE_STRINGS_H 1
| #define HAVE_INTTYPES_H 1
| #define HAVE_STDINT_H 1
| #define HAVE_UNISTD_H 1
| #define SIZEOF_VOID_P 4
| #define HAVE_LIBM 1
| #define HAVE_ELF_H 1
| #define HAVE_DLFCN_H 1
| #define HAVE_DLOPEN 1
| #define HAVE_GETTIMEOFDAY 1
| #define HAVE_LIBPTHREAD 1
| #define HAVE_INTTYPES_H 1
| #define HAVE_DIRENT_H 1
| /* end confdefs.h.  */
| #include <stdio.h>
| #ifdef HAVE_SYS_TYPES_H
| # include <sys/types.h>
| #endif
| #ifdef HAVE_SYS_STAT_H
| # include <sys/stat.h>
| #endif
| #ifdef STDC_HEADERS
| # include <stdlib.h>
| # include <stddef.h>
| #else
| # ifdef HAVE_STDLIB_H
| #  include <stdlib.h>
| # endif
| #endif
| #ifdef HAVE_STRING_H
| # if !defined STDC_HEADERS && defined HAVE_MEMORY_H
| #  include <memory.h>
| # endif
| # include <string.h>
| #endif
| #ifdef HAVE_STRINGS_H
| # include <strings.h>
| #endif
| #ifdef HAVE_INTTYPES_H
| # include <inttypes.h>
| #endif
| #ifdef HAVE_STDINT_H
| # include <stdint.h>
| #endif
| #ifdef HAVE_UNISTD_H
| # include <unistd.h>
| #endif
| int
| main ()
| {
| if (sizeof ((int32_t)))
| 	    return 0;
|   ;
|   return 0;
| }
configure:7109: result: yes
configure:7120: checking for uint32_t
configure:7120: gcc -c -O1 -fPIC -D_XPG6 -DU_USING_ICU_NAMESPACE=0 -Wall -pedantic -Wshadow -Wpointer-arith -Wmissing-prototypes -Wwrite-strings  conftest.c >&5
configure:7120: $? = 0
configure:7120: gcc -c -O1 -fPIC -D_XPG6 -DU_USING_ICU_NAMESPACE=0 -Wall -pedantic -Wshadow -Wpointer-arith -Wmissing-prototypes -Wwrite-strings  conftest.c >&5
conftest.c: In function 'main':
conftest.c:64:23: error: expected expression before ')' token
 if (sizeof ((uint32_t)))
                       ^
configure:7120: $? = 1
configure: failed program was:
| /* confdefs.h */
| #define PACKAGE_NAME "ICU"
| #define PACKAGE_TARNAME "International Components for Unicode"
| #define PACKAGE_VERSION "58.1"
| #define PACKAGE_STRING "ICU 58.1"
| #define PACKAGE_BUGREPORT "http://icu-project.org/bugs"
| #define PACKAGE_URL "http://icu-project.org"
| #define STDC_HEADERS 1
| #define HAVE_SYS_TYPES_H 1
| #define HAVE_SYS_STAT_H 1
| #define HAVE_STDLIB_H 1
| #define HAVE_STRING_H 1
| #define HAVE_MEMORY_H 1
| #define HAVE_STRINGS_H 1
| #define HAVE_INTTYPES_H 1
| #define HAVE_STDINT_H 1
| #define HAVE_UNISTD_H 1
| #define SIZEOF_VOID_P 4
| #define HAVE_LIBM 1
| #define HAVE_ELF_H 1
| #define HAVE_DLFCN_H 1
| #define HAVE_DLOPEN 1
| #define HAVE_GETTIMEOFDAY 1
| #define HAVE_LIBPTHREAD 1
| #define HAVE_INTTYPES_H 1
| #define HAVE_DIRENT_H 1
| /* end confdefs.h.  */
| #include <stdio.h>
| #ifdef HAVE_SYS_TYPES_H
| # include <sys/types.h>
| #endif
| #ifdef HAVE_SYS_STAT_H
| # include <sys/stat.h>
| #endif
| #ifdef STDC_HEADERS
| # include <stdlib.h>
| # include <stddef.h>
| #else
| # ifdef HAVE_STDLIB_H
| #  include <stdlib.h>
| # endif
| #endif
| #ifdef HAVE_STRING_H
| # if !defined STDC_HEADERS && defined HAVE_MEMORY_H
| #  include <memory.h>
| # endif
| # include <string.h>
| #endif
| #ifdef HAVE_STRINGS_H
| # include <strings.h>
| #endif
| #ifdef HAVE_INTTYPES_H
| # include <inttypes.h>
| #endif
| #ifdef HAVE_STDINT_H
| # include <stdint.h>
| #endif
| #ifdef HAVE_UNISTD_H
| # include <unistd.h>
| #endif
| int
| main ()
| {
| if (sizeof ((uint32_t)))
| 	    return 0;
|   ;
|   return 0;
| }
configure:7120: result: yes
configure:7131: checking for int64_t
configure:7131: gcc -c -O1 -fPIC -D_XPG6 -DU_USING_ICU_NAMESPACE=0 -Wall -pedantic -Wshadow -Wpointer-arith -Wmissing-prototypes -Wwrite-strings  conftest.c >&5
configure:7131: $? = 0
configure:7131: gcc -c -O1 -fPIC -D_XPG6 -DU_USING_ICU_NAMESPACE=0 -Wall -pedantic -Wshadow -Wpointer-arith -Wmissing-prototypes -Wwrite-strings  conftest.c >&5
conftest.c: In function 'main':
conftest.c:64:22: error: expected expression before ')' token
 if (sizeof ((int64_t)))
                      ^
configure:7131: $? = 1
configure: failed program was:
| /* confdefs.h */
| #define PACKAGE_NAME "ICU"
| #define PACKAGE_TARNAME "International Components for Unicode"
| #define PACKAGE_VERSION "58.1"
| #define PACKAGE_STRING "ICU 58.1"
| #define PACKAGE_BUGREPORT "http://icu-project.org/bugs"
| #define PACKAGE_URL "http://icu-project.org"
| #define STDC_HEADERS 1
| #define HAVE_SYS_TYPES_H 1
| #define HAVE_SYS_STAT_H 1
| #define HAVE_STDLIB_H 1
| #define HAVE_STRING_H 1
| #define HAVE_MEMORY_H 1
| #define HAVE_STRINGS_H 1
| #define HAVE_INTTYPES_H 1
| #define HAVE_STDINT_H 1
| #define HAVE_UNISTD_H 1
| #define SIZEOF_VOID_P 4
| #define HAVE_LIBM 1
| #define HAVE_ELF_H 1
| #define HAVE_DLFCN_H 1
| #define HAVE_DLOPEN 1
| #define HAVE_GETTIMEOFDAY 1
| #define HAVE_LIBPTHREAD 1
| #define HAVE_INTTYPES_H 1
| #define HAVE_DIRENT_H 1
| /* end confdefs.h.  */
| #include <stdio.h>
| #ifdef HAVE_SYS_TYPES_H
| # include <sys/types.h>
| #endif
| #ifdef HAVE_SYS_STAT_H
| # include <sys/stat.h>
| #endif
| #ifdef STDC_HEADERS
| # include <stdlib.h>
| # include <stddef.h>
| #else
| # ifdef HAVE_STDLIB_H
| #  include <stdlib.h>
| # endif
| #endif
| #ifdef HAVE_STRING_H
| # if !defined STDC_HEADERS && defined HAVE_MEMORY_H
| #  include <memory.h>
| # endif
| # include <string.h>
| #endif
| #ifdef HAVE_STRINGS_H
| # include <strings.h>
| #endif
| #ifdef HAVE_INTTYPES_H
| # include <inttypes.h>
| #endif
| #ifdef HAVE_STDINT_H
| # include <stdint.h>
| #endif
| #ifdef HAVE_UNISTD_H
| # include <unistd.h>
| #endif
| int
| main ()
| {
| if (sizeof ((int64_t)))
| 	    return 0;
|   ;
|   return 0;
| }
configure:7131: result: yes
configure:7142: checking for uint64_t
configure:7142: gcc -c -O1 -fPIC -D_XPG6 -DU_USING_ICU_NAMESPACE=0 -Wall -pedantic -Wshadow -Wpointer-arith -Wmissing-prototypes -Wwrite-strings  conftest.c >&5
configure:7142: $? = 0
configure:7142: gcc -c -O1 -fPIC -D_XPG6 -DU_USING_ICU_NAMESPACE=0 -Wall -pedantic -Wshadow -Wpointer-arith -Wmissing-prototypes -Wwrite-strings  conftest.c >&5
conftest.c: In function 'main':
conftest.c:64:23: error: expected expression before ')' token
 if (sizeof ((uint64_t)))
                       ^
configure:7142: $? = 1
configure: failed program was:
| /* confdefs.h */
| #define PACKAGE_NAME "ICU"
| #define PACKAGE_TARNAME "International Components for Unicode"
| #define PACKAGE_VERSION "58.1"
| #define PACKAGE_STRING "ICU 58.1"
| #define PACKAGE_BUGREPORT "http://icu-project.org/bugs"
| #define PACKAGE_URL "http://icu-project.org"
| #define STDC_HEADERS 1
| #define HAVE_SYS_TYPES_H 1
| #define HAVE_SYS_STAT_H 1
| #define HAVE_STDLIB_H 1
| #define HAVE_STRING_H 1
| #define HAVE_MEMORY_H 1
| #define HAVE_STRINGS_H 1
| #define HAVE_INTTYPES_H 1
| #define HAVE_STDINT_H 1
| #define HAVE_UNISTD_H 1
| #define SIZEOF_VOID_P 4
| #define HAVE_LIBM 1
| #define HAVE_ELF_H 1
| #define HAVE_DLFCN_H 1
| #define HAVE_DLOPEN 1
| #define HAVE_GETTIMEOFDAY 1
| #define HAVE_LIBPTHREAD 1
| #define HAVE_INTTYPES_H 1
| #define HAVE_DIRENT_H 1
| /* end confdefs.h.  */
| #include <stdio.h>
| #ifdef HAVE_SYS_TYPES_H
| # include <sys/types.h>
| #endif
| #ifdef HAVE_SYS_STAT_H
| # include <sys/stat.h>
| #endif
| #ifdef STDC_HEADERS
| # include <stdlib.h>
| # include <stddef.h>
| #else
| # ifdef HAVE_STDLIB_H
| #  include <stdlib.h>
| # endif
| #endif
| #ifdef HAVE_STRING_H
| # if !defined STDC_HEADERS && defined HAVE_MEMORY_H
| #  include <memory.h>
| # endif
| # include <string.h>
| #endif
| #ifdef HAVE_STRINGS_H
| # include <strings.h>
| #endif
| #ifdef HAVE_INTTYPES_H
| # include <inttypes.h>
| #endif
| #ifdef HAVE_STDINT_H
| # include <stdint.h>
| #endif
| #ifdef HAVE_UNISTD_H
| # include <unistd.h>
| #endif
| int
| main ()
| {
| if (sizeof ((uint64_t)))
| 	    return 0;
|   ;
|   return 0;
| }
configure:7142: result: yes
configure:7187: checking wchar.h usability
configure:7187: gcc -c -O1 -fPIC -D_XPG6 -DU_USING_ICU_NAMESPACE=0 -Wall -pedantic -Wshadow -Wpointer-arith -Wmissing-prototypes -Wwrite-strings  conftest.c >&5
configure:7187: $? = 0
configure:7187: result: yes
configure:7187: checking wchar.h presence
configure:7187: cpp  conftest.c
configure:7187: $? = 0
configure:7187: result: yes
configure:7187: checking for wchar.h
configure:7187: result: yes
configure:7204: checking for library containing wcscpy
configure:7235: gcc -o conftest -O1 -fPIC -D_XPG6 -DU_USING_ICU_NAMESPACE=0 -Wall -pedantic -Wshadow -Wpointer-arith -Wmissing-prototypes -Wwrite-strings  -fPIC   conftest.c -lpthread -lm  >&5
configure:7235: $? = 0
configure:7252: result: none required
configure:7274: checking size of wchar_t
configure:7279: gcc -o conftest -O1 -fPIC -D_XPG6 -DU_USING_ICU_NAMESPACE=0 -Wall -pedantic -Wshadow -Wpointer-arith -Wmissing-prototypes -Wwrite-strings  -fPIC   conftest.c -lpthread -lm  >&5
configure:7279: $? = 0
configure:7279: ./conftest
configure:7279: $? = 0
configure:7302: result: 4
configure:7320: checking for UTF-16 string literal support
configure:7430: gcc -c -O1 -fPIC -D_XPG6 -DU_USING_ICU_NAMESPACE=0 -Wall -pedantic -Wshadow -Wpointer-arith -Wmissing-prototypes -Wwrite-strings -std=gnu99  conftest.c >&5
conftest.c:31:14: error: unknown type name 'char16_t'
 static const char16_t test[] = u"This is a UTF16 literal string.";
              ^
conftest.c:31:32: error: array of inappropriate type initialized from string constant
 static const char16_t test[] = u"This is a UTF16 literal string.";
                                ^
configure:7430: $? = 1
configure: failed program was:
| /* confdefs.h */
| #define PACKAGE_NAME "ICU"
| #define PACKAGE_TARNAME "International Components for Unicode"
| #define PACKAGE_VERSION "58.1"
| #define PACKAGE_STRING "ICU 58.1"
| #define PACKAGE_BUGREPORT "http://icu-project.org/bugs"
| #define PACKAGE_URL "http://icu-project.org"
| #define STDC_HEADERS 1
| #define HAVE_SYS_TYPES_H 1
| #define HAVE_SYS_STAT_H 1
| #define HAVE_STDLIB_H 1
| #define HAVE_STRING_H 1
| #define HAVE_MEMORY_H 1
| #define HAVE_STRINGS_H 1
| #define HAVE_INTTYPES_H 1
| #define HAVE_STDINT_H 1
| #define HAVE_UNISTD_H 1
| #define SIZEOF_VOID_P 4
| #define HAVE_LIBM 1
| #define HAVE_ELF_H 1
| #define HAVE_DLFCN_H 1
| #define HAVE_DLOPEN 1
| #define HAVE_GETTIMEOFDAY 1
| #define HAVE_LIBPTHREAD 1
| #define HAVE_INTTYPES_H 1
| #define HAVE_DIRENT_H 1
| #define HAVE_WCHAR_H 1
| #define SIZEOF_WCHAR_T 4
| /* end confdefs.h.  */
| 
| static const char16_t test[] = u"This is a UTF16 literal string.";
| 
| int
| main ()
| {
| 
|   ;
|   return 0;
| }
configure:7464: g++ -c -O2 -fPIC -D_XPG6 -DU_USING_ICU_NAMESPACE=0 -W -Wall -pedantic -Wpointer-arith -Wwrite-strings -Wno-long-long  conftest.cpp >&5
conftest.cpp:31:14: error: 'char16_t' does not name a type
 static const char16_t test[] = u"This is a UTF16 literal string.";
              ^
configure:7464: $? = 1
configure: failed program was:
| /* confdefs.h */
| #define PACKAGE_NAME "ICU"
| #define PACKAGE_TARNAME "International Components for Unicode"
| #define PACKAGE_VERSION "58.1"
| #define PACKAGE_STRING "ICU 58.1"
| #define PACKAGE_BUGREPORT "http://icu-project.org/bugs"
| #define PACKAGE_URL "http://icu-project.org"
| #define STDC_HEADERS 1
| #define HAVE_SYS_TYPES_H 1
| #define HAVE_SYS_STAT_H 1
| #define HAVE_STDLIB_H 1
| #define HAVE_STRING_H 1
| #define HAVE_MEMORY_H 1
| #define HAVE_STRINGS_H 1
| #define HAVE_INTTYPES_H 1
| #define HAVE_STDINT_H 1
| #define HAVE_UNISTD_H 1
| #define SIZEOF_VOID_P 4
| #define HAVE_LIBM 1
| #define HAVE_ELF_H 1
| #define HAVE_DLFCN_H 1
| #define HAVE_DLOPEN 1
| #define HAVE_GETTIMEOFDAY 1
| #define HAVE_LIBPTHREAD 1
| #define HAVE_INTTYPES_H 1
| #define HAVE_DIRENT_H 1
| #define HAVE_WCHAR_H 1
| #define SIZEOF_WCHAR_T 4
| /* end confdefs.h.  */
| 
| static const char16_t test[] = u"This is a UTF16 literal string.";
| 
| int
| main ()
| {
| 
|   ;
|   return 0;
| }
configure:7485: result: unknown
configure:7660: checking for a library suffix to use
configure:7674: result: none
configure:7956: creating ./config.status

## ---------------------- ##
## Running config.status. ##
## ---------------------- ##

This file was extended by ICU config.status 58.1, which was
generated by GNU Autoconf 2.69.  Invocation command line was

  CONFIG_FILES    = 
  CONFIG_HEADERS  = 
  CONFIG_LINKS    = 
  CONFIG_COMMANDS = 
  $ ./config.status 

on wutz

config.status:889: creating icudefs.mk
config.status:889: creating Makefile
config.status:889: creating data/pkgdataMakefile
config.status:889: creating config/Makefile.inc
config.status:889: creating config/icu.pc
config.status:889: creating config/pkgdataMakefile
config.status:889: creating data/Makefile
config.status:889: creating stubdata/Makefile
config.status:889: creating common/Makefile
config.status:889: creating i18n/Makefile
config.status:889: creating layoutex/Makefile
config.status:889: creating io/Makefile
config.status:889: creating extra/Makefile
config.status:889: creating extra/uconv/Makefile
config.status:889: creating extra/uconv/pkgdataMakefile
config.status:889: creating extra/scrptrun/Makefile
config.status:889: creating tools/Makefile
config.status:889: creating tools/ctestfw/Makefile
config.status:889: creating tools/toolutil/Makefile
config.status:889: creating tools/makeconv/Makefile
config.status:889: creating tools/genrb/Makefile
config.status:889: creating tools/genccode/Makefile
config.status:889: creating tools/gencmn/Makefile
config.status:889: creating tools/gencnval/Makefile
config.status:889: creating tools/gendict/Makefile
config.status:889: creating tools/gentest/Makefile
config.status:889: creating tools/gennorm2/Makefile
config.status:889: creating tools/genbrk/Makefile
config.status:889: creating tools/gensprep/Makefile
config.status:889: creating tools/icuinfo/Makefile
config.status:889: creating tools/icupkg/Makefile
config.status:889: creating tools/icuswap/Makefile
config.status:889: creating tools/pkgdata/Makefile
config.status:889: creating tools/tzcode/Makefile
config.status:889: creating tools/gencfu/Makefile
config.status:889: creating test/Makefile
config.status:889: creating test/compat/Makefile
config.status:889: creating test/testdata/Makefile
config.status:889: creating test/testdata/pkgdataMakefile
config.status:889: creating test/hdrtst/Makefile
config.status:889: creating test/intltest/Makefile
config.status:889: creating test/cintltst/Makefile
config.status:889: creating test/iotest/Makefile
config.status:889: creating test/letest/Makefile
config.status:889: creating test/perf/Makefile
config.status:889: creating test/perf/collationperf/Makefile
config.status:889: creating test/perf/collperf/Makefile
config.status:889: creating test/perf/collperf2/Makefile
config.status:889: creating test/perf/dicttrieperf/Makefile
config.status:889: creating test/perf/ubrkperf/Makefile
config.status:889: creating test/perf/charperf/Makefile
config.status:889: creating test/perf/convperf/Makefile
config.status:889: creating test/perf/normperf/Makefile
config.status:889: creating test/perf/DateFmtPerf/Makefile
config.status:889: creating test/perf/howExpensiveIs/Makefile
config.status:889: creating test/perf/strsrchperf/Makefile
config.status:889: creating test/perf/unisetperf/Makefile
config.status:889: creating test/perf/usetperf/Makefile
config.status:889: creating test/perf/ustrperf/Makefile
config.status:889: creating test/perf/utfperf/Makefile
config.status:889: creating test/perf/utrie2perf/Makefile
config.status:889: creating test/perf/leperf/Makefile
config.status:889: creating samples/Makefile
config.status:889: creating samples/date/Makefile
config.status:889: creating samples/cal/Makefile
config.status:889: creating samples/layout/Makefile
configure:9053: checking the version of "/usr/bin/gmake"
configure:9056: result: ok

## ---------------- ##
## Cache variables. ##
## ---------------- ##

ac_cv_build=i386-pc-solaris2.11
ac_cv_c_bigendian=no
ac_cv_c_compiler_gnu=yes
ac_cv_cxx_compiler_gnu=yes
ac_cv_env_CCC_set=''
ac_cv_env_CCC_value=''
ac_cv_env_CC_set=set
ac_cv_env_CC_value=gcc
ac_cv_env_CFLAGS_set=set
ac_cv_env_CFLAGS_value='-O1 -fPIC -D_XPG6 -DU_USING_ICU_NAMESPACE=0'
ac_cv_env_CPPFLAGS_set=''
ac_cv_env_CPPFLAGS_value=''
ac_cv_env_CPP_set=set
ac_cv_env_CPP_value=cpp
ac_cv_env_CXXFLAGS_set=set
ac_cv_env_CXXFLAGS_value='-O2 -fPIC -D_XPG6 -DU_USING_ICU_NAMESPACE=0'
ac_cv_env_CXX_set=set
ac_cv_env_CXX_value=g++
ac_cv_env_ICULEHB_CFLAGS_set=''
ac_cv_env_ICULEHB_CFLAGS_value=''
ac_cv_env_ICULEHB_LIBS_set=''
ac_cv_env_ICULEHB_LIBS_value=''
ac_cv_env_LDFLAGS_set=set
ac_cv_env_LDFLAGS_value='-fPIC  '
ac_cv_env_LIBS_set=''
ac_cv_env_LIBS_value=''
ac_cv_env_PKG_CONFIG_LIBDIR_set=''
ac_cv_env_PKG_CONFIG_LIBDIR_value=''
ac_cv_env_PKG_CONFIG_PATH_set=''
ac_cv_env_PKG_CONFIG_PATH_value=''
ac_cv_env_PKG_CONFIG_set=''
ac_cv_env_PKG_CONFIG_value=''
ac_cv_env_build_alias_set=''
ac_cv_env_build_alias_value=''
ac_cv_env_host_alias_set=''
ac_cv_env_host_alias_value=''
ac_cv_env_target_alias_set=''
ac_cv_env_target_alias_value=''
ac_cv_func_dlopen=yes
ac_cv_func_gettimeofday=yes
ac_cv_func_mmap_ok=yes
ac_cv_func_nl_langinfo=yes
ac_cv_func_popen=yes
ac_cv_func_strtod_l=no
ac_cv_func_tzset=yes
ac_cv_header_atomic=no
ac_cv_header_dirent_h=yes
ac_cv_header_dlfcn_h=yes
ac_cv_header_elf_h=yes
ac_cv_header_inttypes_h=yes
ac_cv_header_memory_h=yes
ac_cv_header_stdc=yes
ac_cv_header_stdint_h=yes
ac_cv_header_stdlib_h=yes
ac_cv_header_stdstring=yes
ac_cv_header_string_h=yes
ac_cv_header_strings_h=yes
ac_cv_header_sys_stat_h=yes
ac_cv_header_sys_types_h=yes
ac_cv_header_unistd_h=yes
ac_cv_header_wchar_h=yes
ac_cv_host=i386-pc-solaris2.11
ac_cv_lib_m_floor=yes
ac_cv_lib_pthread_pthread_attr_init=yes
ac_cv_namespace_ok=yes
ac_cv_nl_langinfo_codeset=CODESET
ac_cv_objext=o
ac_cv_override_cxx_allocation_ok=yes
ac_cv_override_placement_new_ok=yes
ac_cv_path_EGREP='/usr/gnu/bin/grep -E'
ac_cv_path_GREP=/usr/gnu/bin/grep
ac_cv_path_U_MAKE=/usr/bin/gmake
ac_cv_path_ac_pt_PKG_CONFIG=/usr/bin/pkg-config
ac_cv_path_install='/usr/gnu/bin/install -c'
ac_cv_prog_CPP=cpp
ac_cv_prog_ac_ct_AR=ar
ac_cv_prog_ac_ct_RANLIB=ranlib
ac_cv_prog_cc_c89=''
ac_cv_prog_cc_g=yes
ac_cv_prog_cxx_g=yes
ac_cv_search_dlopen='none required'
ac_cv_search_wcscpy='none required'
ac_cv_sizeof_void_p=4
ac_cv_sizeof_wchar_t=4
ac_cv_type_int16_t=yes
ac_cv_type_int32_t=yes
ac_cv_type_int64_t=yes
ac_cv_type_int8_t=yes
ac_cv_type_uint16_t=yes
ac_cv_type_uint32_t=yes
ac_cv_type_uint64_t=yes
ac_cv_type_uint8_t=yes
ac_cv_var_timezone=yes
ac_cv_var_tzname=yes
icu_cv_host_frag=mh-solaris-gcc

## ----------------- ##
## Output variables. ##
## ----------------- ##

AR='ar'
ARFLAGS=''
CC='gcc'
CFLAGS='-O1 -fPIC -D_XPG6 -DU_USING_ICU_NAMESPACE=0 -Wall -pedantic -Wshadow -Wpointer-arith -Wmissing-prototypes -Wwrite-strings $(THREADSCFLAGS) '
COMPILE_LINK_ENVVAR=''
CPP='cpp'
CPPFLAGS=' $(THREADSCPPFLAGS)  -DU_HAVE_ELF_H=1 -DU_HAVE_ATOMIC=0 -DU_HAVE_STRTOD_L=0 '
CXX='g++'
CXXFLAGS='-O2 -fPIC -D_XPG6 -DU_USING_ICU_NAMESPACE=0 -W -Wall -pedantic -Wpointer-arith -Wwrite-strings -Wno-long-long $(THREADSCXXFLAGS) '
DATA_PACKAGING_MODE='common'
DEFS='-DPACKAGE_NAME=\"ICU\" -DPACKAGE_TARNAME=\"International\ Components\ for\ Unicode\" -DPACKAGE_VERSION=\"58.1\" -DPACKAGE_STRING=\"ICU\ 58.1\" -DPACKAGE_BUGREPORT=\"http://icu-project.org/bugs\" -DPACKAGE_URL=\"http://icu-project.org\" -DSTDC_HEADERS=1 -DHAVE_SYS_TYPES_H=1 -DHAVE_SYS_STAT_H=1 -DHAVE_STDLIB_H=1 -DHAVE_STRING_H=1 -DHAVE_MEMORY_H=1 -DHAVE_STRINGS_H=1 -DHAVE_INTTYPES_H=1 -DHAVE_STDINT_H=1 -DHAVE_UNISTD_H=1 -DSIZEOF_VOID_P=4 -DHAVE_LIBM=1 -DHAVE_ELF_H=1 -DHAVE_DLFCN_H=1 -DHAVE_DLOPEN=1 -DHAVE_GETTIMEOFDAY=1 -DHAVE_LIBPTHREAD=1 -DHAVE_INTTYPES_H=1 -DHAVE_DIRENT_H=1 -DHAVE_WCHAR_H=1 -DSIZEOF_WCHAR_T=4'
DOXYGEN=''
ECHO_C='\c'
ECHO_N=''
ECHO_T=''
EGREP='/usr/gnu/bin/grep -E'
ENABLE_DEBUG='0'
ENABLE_RELEASE='1'
ENABLE_RPATH='NO'
ENABLE_SHARED='YES'
ENABLE_STATIC='YES'
EXEEXT=''
EXTRAS_TRUE=''
GENCCODE_ASSEMBLY='-a gcc'
GREP='/usr/gnu/bin/grep'
HAVE_MMAP='1'
ICUDATA_CHAR='l'
ICUIO_TRUE=''
ICULEHB_CFLAGS=''
ICULEHB_LIBS=''
ICULIBSUFFIX=''
ICULIBSUFFIXCNAME=''
ICU_ECHO_C='\c'
ICU_ECHO_N=''
ICU_ECHO_T=''
INSTALL_DATA='${INSTALL} -m 644'
INSTALL_PROGRAM='${INSTALL}'
INSTALL_SCRIPT='${INSTALL}'
LAYOUTEX_TRUE='#'
LDFLAGS='-fPIC  '
LIBCFLAGS=''
LIBCXXFLAGS=''
LIBOBJS=''
LIBS='-lpthread -lm '
LIB_M=''
LIB_THREAD=''
LIB_VERSION='58.2'
LIB_VERSION_MAJOR='58'
LTLIBOBJS=''
OBJEXT='o'
PACKAGE='icu'
PACKAGE_BUGREPORT='http://icu-project.org/bugs'
PACKAGE_NAME='ICU'
PACKAGE_STRING='ICU 58.1'
PACKAGE_TARNAME='International Components for Unicode'
PACKAGE_URL='http://icu-project.org'
PACKAGE_VERSION='58.1'
PATH_SEPARATOR=':'
PKG_CONFIG='/usr/bin/pkg-config'
PKG_CONFIG_LIBDIR=''
PKG_CONFIG_PATH=''
PLUGINS_TRUE='#'
RANLIB='ranlib'
SAMPLES_TRUE=''
SHELL='/bin/sh'
TESTS_TRUE=''
TOOLS_TRUE=''
UCLN_NO_AUTO_CLEANUP='1'
UCONFIG_CFLAGS=''
UCONFIG_CPPFLAGS=''
UCONFIG_CXXFLAGS=' --std=c++0x'
UNICODE_VERSION='9.0'
U_DEFAULT_SHOW_DRAFT='1'
U_DISABLE_RENAMING='0'
U_ENABLE_DYLOAD='1'
U_ENABLE_TRACING='0'
U_HAVE_ATOMIC='0'
U_HAVE_DIRENT_H='1'
U_HAVE_EXTRAS='1'
U_HAVE_ICUIO='1'
U_HAVE_INTTYPES_H='1'
U_HAVE_LAYOUTEX='0'
U_HAVE_LIB_SUFFIX='0'
U_HAVE_NL_LANGINFO_CODESET='1'
U_HAVE_PLACEMENT_NEW='1'
U_HAVE_PLUGINS='0'
U_HAVE_POPEN='1'
U_HAVE_SAMPLES='1'
U_HAVE_STD_STRING='1'
U_HAVE_STRTOD_L='0'
U_HAVE_TESTS='1'
U_HAVE_TIMEZONE='1'
U_HAVE_TOOLS='1'
U_HAVE_TZNAME='1'
U_HAVE_TZSET='1'
U_HAVE_WCHAR_H='1'
U_HAVE_WCSCPY='1'
U_IS_BIG_ENDIAN='0'
U_MAKE='/usr/bin/gmake'
U_NL_LANGINFO_CODESET='CODESET'
U_OVERRIDE_CXX_ALLOCATION='1'
U_TIMEZONE='timezone'
U_TZNAME='tzname'
U_TZSET='tzset'
VERSION='58.2'
ac_ct_CC=''
ac_ct_CXX=''
bindir='${exec_prefix}/bin'
build='i386-pc-solaris2.11'
build_alias=''
build_cpu='i386'
build_os='solaris2.11'
build_vendor='pc'
cross_buildroot=''
cross_compiling='no'
datadir='${datarootdir}'
datarootdir='${prefix}/share'
docdir='${datarootdir}/doc/${PACKAGE_TARNAME}'
dvidir='${docdir}'
exec_prefix='${prefix}'
host='i386-pc-solaris2.11'
host_alias=''
host_cpu='i386'
host_os='solaris2.11'
host_vendor='pc'
htmldir='${docdir}'
includedir='${prefix}/include'
infodir='${datarootdir}/info'
libdir='${exec_prefix}/lib'
libexecdir='${exec_prefix}/libexec'
localedir='${datarootdir}/locale'
localstatedir='${prefix}/var'
mandir='${datarootdir}/man'
oldincludedir='/usr/include'
pdfdir='${docdir}'
pkgicudatadir='${datarootdir}'
platform='U_SOLARIS'
platform_make_fragment='$(top_srcdir)/config/mh-solaris-gcc'
platform_make_fragment_name='mh-solaris-gcc'
prefix='/export/home/software/github.com/slimserver-vendor.git/CPAN/build'
program_transform_name='s,x,x,'
psdir='${docdir}'
sbindir='${exec_prefix}/sbin'
sharedstatedir='${prefix}/com'
sysconfdir='${prefix}/etc'
target_alias=''
thepkgicudatadir='${prefix}/share'

## ----------- ##
## confdefs.h. ##
## ----------- ##

/* confdefs.h */
#define PACKAGE_NAME "ICU"
#define PACKAGE_TARNAME "International Components for Unicode"
#define PACKAGE_VERSION "58.1"
#define PACKAGE_STRING "ICU 58.1"
#define PACKAGE_BUGREPORT "http://icu-project.org/bugs"
#define PACKAGE_URL "http://icu-project.org"
#define STDC_HEADERS 1
#define HAVE_SYS_TYPES_H 1
#define HAVE_SYS_STAT_H 1
#define HAVE_STDLIB_H 1
#define HAVE_STRING_H 1
#define HAVE_MEMORY_H 1
#define HAVE_STRINGS_H 1
#define HAVE_INTTYPES_H 1
#define HAVE_STDINT_H 1
#define HAVE_UNISTD_H 1
#define SIZEOF_VOID_P 4
#define HAVE_LIBM 1
#define HAVE_ELF_H 1
#define HAVE_DLFCN_H 1
#define HAVE_DLOPEN 1
#define HAVE_GETTIMEOFDAY 1
#define HAVE_LIBPTHREAD 1
#define HAVE_INTTYPES_H 1
#define HAVE_DIRENT_H 1
#define HAVE_WCHAR_H 1
#define SIZEOF_WCHAR_T 4

configure: exit 0
